platforms/android/app/build/outputs/logs/manifest-merger-debug-report.txt
-- Merging decision tree log ---
manifest
ADDED from src/main/AndroidManifest.xml:2:1-21:12
INJECTED from src/main/AndroidManifest.xml:2:1-21:12
INJECTED from src/main/AndroidManifest.xml:2:1-21:12
INJECTED from src/main/AndroidManifest.xml:2:1-21:12
MERGED from [com.android.support:appcompat-v7:27.1.1] AndroidManifest.xml:17:1-22:12
MERGED from [com.microblink:blinkid:4.3.0] AndroidManifest.xml:2:1-61:12
MERGED from [:CordovaLib] AndroidManifest.xml:20:1-27:12
MERGED from [com.android.support:support-fragment:27.1.1] AndroidManifest.xml:17:1-22:12
MERGED from [com.android.support:animated-vector-drawable:27.1.1] AndroidManifest.xml:17:1-22:12
MERGED from [com.android.support:support-core-ui:27.1.1] AndroidManifest.xml:17:1-22:12
MERGED from [com.android.support:support-core-utils:27.1.1] AndroidManifest.xml:17:1-22:12
MERGED from [com.android.support:support-vector-drawable:27.1.1] AndroidManifest.xml:17:1-22:12
MERGED from [com.android.support:support-compat:27.1.1] AndroidManifest.xml:17:1-22:12
MERGED from [android.arch.lifecycle:livedata-core:1.1.0] AndroidManifest.xml:17:1-22:12
MERGED from [android.arch.lifecycle:viewmodel:1.1.0] AndroidManifest.xml:17:1-22:12
MERGED from [android.arch.lifecycle:runtime:1.1.0] AndroidManifest.xml:17:1-22:12
MERGED from [android.arch.core:runtime:1.1.0] AndroidManifest.xml:17:1-22:12
INJECTED from src/main/AndroidManifest.xml:2:1-21:12
INJECTED from src/main/AndroidManifest.xml:2:1-21:12
INJECTED from src/main/AndroidManifest.xml:2:1-21:12
	package
		ADDED from src/main/AndroidManifest.xml:2:102-136
		INJECTED from src/main/AndroidManifest.xml
		INJECTED from src/main/AndroidManifest.xml
	android:versionName
		ADDED from src/main/AndroidManifest.xml:2:74-101
		INJECTED from src/main/AndroidManifest.xml
		INJECTED from src/main/AndroidManifest.xml
	android:hardwareAccelerated
		ADDED from src/main/AndroidManifest.xml:2:11-45
	xmlns:android
		ADDED from src/main/AndroidManifest.xml:2:137-195
	android:versionCode
		ADDED from src/main/AndroidManifest.xml:2:46-73
		INJECTED from src/main/AndroidManifest.xml
		INJECTED from src/main/AndroidManifest.xml
supports-screens
ADDED from src/main/AndroidManifest.xml:3:5-191
MERGED from [com.microblink:blinkid:4.3.0] AndroidManifest.xml:12:5-17:39
MERGED from [com.microblink:blinkid:4.3.0] AndroidManifest.xml:12:5-17:39
	android:largeScreens
		ADDED from src/main/AndroidManifest.xml:3:49-76
	android:smallScreens
		ADDED from src/main/AndroidManifest.xml:3:132-159
	android:normalScreens
		ADDED from src/main/AndroidManifest.xml:3:77-105
	android:xlargeScreens
		ADDED from src/main/AndroidManifest.xml:3:160-188
	android:resizeable
		ADDED from src/main/AndroidManifest.xml:3:106-131
	android:anyDensity
		ADDED from src/main/AndroidManifest.xml:3:23-48
uses-permission#android.permission.INTERNET
ADDED from src/main/AndroidManifest.xml:4:5-67
	android:name
		ADDED from src/main/AndroidManifest.xml:4:22-64
application
ADDED from src/main/AndroidManifest.xml:5:5-13:19
MERGED from [com.microblink:blinkid:4.3.0] AndroidManifest.xml:36:5-59:19
MERGED from [com.microblink:blinkid:4.3.0] AndroidManifest.xml:36:5-59:19
	android:supportsRtl
		ADDED from src/main/AndroidManifest.xml:5:139-165
	android:label
		ADDED from src/main/AndroidManifest.xml:5:81-113
	android:hardwareAccelerated
		ADDED from src/main/AndroidManifest.xml:5:18-52
	tools:ignore
		ADDED from [com.microblink:blinkid:4.3.0] AndroidManifest.xml:38:9-39
	android:largeHeap
		ADDED from src/main/AndroidManifest.xml:5:114-138
	android:icon
		ADDED from src/main/AndroidManifest.xml:5:53-80
activity#com.hannahcarney.scanner.MainActivity
ADDED from src/main/AndroidManifest.xml:6:9-11:20
	android:label
		ADDED from src/main/AndroidManifest.xml:6:97-134
	android:launchMode
		ADDED from src/main/AndroidManifest.xml:6:135-165
	android:windowSoftInputMode
		ADDED from src/main/AndroidManifest.xml:6:257-299
	android:configChanges
		ADDED from src/main/AndroidManifest.xml:6:19-96
	android:theme
		ADDED from src/main/AndroidManifest.xml:6:194-256
	android:name
		ADDED from src/main/AndroidManifest.xml:6:166-193
intent-filter#android.intent.action.MAIN+android.intent.category.LAUNCHER
ADDED from src/main/AndroidManifest.xml:7:13-10:29
	android:label
		ADDED from src/main/AndroidManifest.xml:7:28-65
action#android.intent.action.MAIN
ADDED from src/main/AndroidManifest.xml:8:17-69
	android:name
		ADDED from src/main/AndroidManifest.xml:8:25-66
category#android.intent.category.LAUNCHER
ADDED from src/main/AndroidManifest.xml:9:17-77
	android:name
		ADDED from src/main/AndroidManifest.xml:9:27-74
activity#com.microblink.activity.ScanCard
ADDED from src/main/AndroidManifest.xml:12:9-212
	android:screenOrientation
		ADDED from src/main/AndroidManifest.xml:12:114-150
	android:configChanges
		ADDED from src/main/AndroidManifest.xml:12:19-65
	android:theme
		ADDED from src/main/AndroidManifest.xml:12:151-209
	android:name
		ADDED from src/main/AndroidManifest.xml:12:66-113
uses-sdk
ADDED from src/main/AndroidManifest.xml:14:5-74
MERGED from [com.android.support:appcompat-v7:27.1.1] AndroidManifest.xml:20:5-44
MERGED from [com.android.support:appcompat-v7:27.1.1] AndroidManifest.xml:20:5-44
MERGED from [com.microblink:blinkid:4.3.0] AndroidManifest.xml:8:5-10:41
MERGED from [com.microblink:blinkid:4.3.0] AndroidManifest.xml:8:5-10:41
MERGED from [:CordovaLib] AndroidManifest.xml:25:5-44
MERGED from [:CordovaLib] AndroidManifest.xml:25:5-44
MERGED from [com.android.support:support-fragment:27.1.1] AndroidManifest.xml:20:5-44
MERGED from [com.android.support:support-fragment:27.1.1] AndroidManifest.xml:20:5-44
MERGED from [com.android.support:animated-vector-drawable:27.1.1] AndroidManifest.xml:20:5-44
MERGED from [com.android.support:animated-vector-drawable:27.1.1] AndroidManifest.xml:20:5-44
MERGED from [com.android.support:support-core-ui:27.1.1] AndroidManifest.xml:20:5-44
MERGED from [com.android.support:support-core-ui:27.1.1] AndroidManifest.xml:20:5-44
MERGED from [com.android.support:support-core-utils:27.1.1] AndroidManifest.xml:20:5-44
MERGED from [com.android.support:support-core-utils:27.1.1] AndroidManifest.xml:20:5-44
MERGED from [com.android.support:support-vector-drawable:27.1.1] AndroidManifest.xml:20:5-44
MERGED from [com.android.support:support-vector-drawable:27.1.1] AndroidManifest.xml:20:5-44
MERGED from [com.android.support:support-compat:27.1.1] AndroidManifest.xml:20:5-44
MERGED from [com.android.support:support-compat:27.1.1] AndroidManifest.xml:20:5-44
MERGED from [android.arch.lifecycle:livedata-core:1.1.0] AndroidManifest.xml:20:5-44
MERGED from [android.arch.lifecycle:livedata-core:1.1.0] AndroidManifest.xml:20:5-44
MERGED from [android.arch.lifecycle:viewmodel:1.1.0] AndroidManifest.xml:20:5-44
MERGED from [android.arch.lifecycle:viewmodel:1.1.0] AndroidManifest.xml:20:5-44
MERGED from [android.arch.lifecycle:runtime:1.1.0] AndroidManifest.xml:20:5-44
MERGED from [android.arch.lifecycle:runtime:1.1.0] AndroidManifest.xml:20:5-44
MERGED from [android.arch.core:runtime:1.1.0] AndroidManifest.xml:20:5-44
MERGED from [android.arch.core:runtime:1.1.0] AndroidManifest.xml:20:5-44
	android:targetSdkVersion
		ADDED from src/main/AndroidManifest.xml:14:42-71
	android:minSdkVersion
		ADDED from src/main/AndroidManifest.xml:14:15-41
uses-permission#android.permission.CAMERA
ADDED from src/main/AndroidManifest.xml:15:5-65
MERGED from [com.microblink:blinkid:4.3.0] AndroidManifest.xml:19:5-65
MERGED from [com.microblink:blinkid:4.3.0] AndroidManifest.xml:19:5-65
	android:name
		ADDED from src/main/AndroidManifest.xml:15:22-62
uses-permission#android.permission.FLASHLIGHT
ADDED from src/main/AndroidManifest.xml:16:5-69
MERGED from [com.microblink:blinkid:4.3.0] AndroidManifest.xml:20:5-69
MERGED from [com.microblink:blinkid:4.3.0] AndroidManifest.xml:20:5-69
	android:name
		ADDED from src/main/AndroidManifest.xml:16:22-66
uses-feature#android.hardware.camera
ADDED from src/main/AndroidManifest.xml:17:5-60
MERGED from [com.microblink:blinkid:4.3.0] AndroidManifest.xml:22:5-24:36
MERGED from [com.microblink:blinkid:4.3.0] AndroidManifest.xml:22:5-24:36
	android:name
		ADDED from src/main/AndroidManifest.xml:17:19-57
uses-feature#android.hardware.camera.autofocus
ADDED from src/main/AndroidManifest.xml:18:5-95
MERGED from [com.microblink:blinkid:4.3.0] AndroidManifest.xml:25:5-27:36
MERGED from [com.microblink:blinkid:4.3.0] AndroidManifest.xml:25:5-27:36
	android:required
		ADDED from src/main/AndroidManifest.xml:18:68-92
	android:name
		ADDED from src/main/AndroidManifest.xml:18:19-67
uses-feature#android.hardware.camera.flash
ADDED from src/main/AndroidManifest.xml:19:5-91
MERGED from [com.microblink:blinkid:4.3.0] AndroidManifest.xml:28:5-30:36
MERGED from [com.microblink:blinkid:4.3.0] AndroidManifest.xml:28:5-30:36
	android:required
		ADDED from src/main/AndroidManifest.xml:19:64-88
	android:name
		ADDED from src/main/AndroidManifest.xml:19:19-63
uses-feature#0x00020000
ADDED from [com.microblink:blinkid:4.3.0] AndroidManifest.xml:31:5-34:20
	android:glEsVersion
		ADDED from [com.microblink:blinkid:4.3.0] AndroidManifest.xml:32:9-41
	android:required
		ADDED from [com.microblink:blinkid:4.3.0] AndroidManifest.xml:33:9-33
activity#com.microblink.activity.DocumentScanActivity
ADDED from [com.microblink:blinkid:4.3.0] AndroidManifest.xml:39:9-43:20
	android:screenOrientation
		ADDED from [com.microblink:blinkid:4.3.0] AndroidManifest.xml:42:13-49
	android:configChanges
		ADDED from [com.microblink:blinkid:4.3.0] AndroidManifest.xml:41:13-59
	android:name
		ADDED from [com.microblink:blinkid:4.3.0] AndroidManifest.xml:40:13-72
activity#com.microblink.activity.BarcodeScanActivity
ADDED from [com.microblink:blinkid:4.3.0] AndroidManifest.xml:44:9-48:20
	android:screenOrientation
		ADDED from [com.microblink:blinkid:4.3.0] AndroidManifest.xml:47:13-49
	android:configChanges
		ADDED from [com.microblink:blinkid:4.3.0] AndroidManifest.xml:46:13-59
	android:name
		ADDED from [com.microblink:blinkid:4.3.0] AndroidManifest.xml:45:13-71
activity#com.microblink.activity.FieldByFieldScanActivity
ADDED from [com.microblink:blinkid:4.3.0] AndroidManifest.xml:49:9-53:20
	android:screenOrientation
		ADDED from [com.microblink:blinkid:4.3.0] AndroidManifest.xml:52:13-49
	android:configChanges
		ADDED from [com.microblink:blinkid:4.3.0] AndroidManifest.xml:51:13-59
	android:name
		ADDED from [com.microblink:blinkid:4.3.0] AndroidManifest.xml:50:13-76
activity#com.microblink.activity.DocumentVerificationActivity
ADDED from [com.microblink:blinkid:4.3.0] AndroidManifest.xml:54:9-58:20
	android:screenOrientation
		ADDED from [com.microblink:blinkid:4.3.0] AndroidManifest.xml:57:13-49
	android:configChanges
		ADDED from [com.microblink:blinkid:4.3.0] AndroidManifest.xml:56:13-59
	android:name
		ADDED from [com.microblink:blinkid:4.3.0] AndroidManifest.xml:55:13-80